2023-10-23T09:42:34+00:00 ERROR API error: Array
(
    [url] => https://api-m.paypal.com/v1/oauth2/token
    [method] => POST
    [http_status] => 401
    [request] => Array
(
    [grant_type] => client_credentials
)

    [error] => Array
        (
            [error] => invalid_client
            [error_description] => Client Authentication failed
        )

)

2023-10-23T09:42:37+00:00 ERROR API error: Array
(
    [url] => https://api-m.paypal.com/v1/oauth2/token
    [method] => POST
    [http_status] => 401
    [request] => Array
(
    [grant_type] => client_credentials
)

    [error] => Array
        (
            [error] => invalid_client
            [error_description] => Client Authentication failed
        )

)

